C51 COMPILER V9.01   DISPLAY                                                               12/16/2015 22:57:28 PAGE 1   


C51 COMPILER V9.01, COMPILATION OF MODULE DISPLAY
OBJECT MODULE PLACED IN display.OBJ
COMPILER INVOKED BY: d:\Keil\C51\BIN\C51.EXE display.c LARGE OPTIMIZE(9,SPEED) BROWSE DEBUG OBJECTEXTEND

line level    source

   1          #include "STC15.h"
   2          #include "delay.h"
   3          /*由于硬件原因所以此处 数码管显示 做特殊处理 硬件修改后 代码要进行调整
   4          unsigned char code duanma_1[13] = { 0x1d, 0x08, 0x54, 0x58, 0x49, 0x59, 0x5d, 0x08, 0x5d, 0x59, 0x55, 0x45
             -, 0x40 };// 显示段码值0~9
   5          unsigned char code duanma_5[13] = { 0x30, 0x10, 0x30, 0x30, 0x10, 0x20, 0x20, 0x30, 0x30, 0x30, 0x20, 0x20
             -, 0x00 };// 显示段码值0~9
   6          
   7          void display(unsigned char LED_H, unsigned char LED_L)
   8          {
   9          
  10                  P1 = P1 & 0X80;
  11                  P5 = 0X00;
  12                  P1 = P1 | 0X20;
  13                  P1 = P1 | duanma_1[LED_H];
  14                  P5 = duanma_5[LED_H];
  15          
  16                  DelayMs(10);
  17          
  18                  P1 = P1 & 0X80;
  19                  P5 = 0X00;
  20                  P1 = P1 | 0X02;
  21                  P1 = P1 | duanma_1[LED_L];
  22                  P5 = duanma_5[LED_L];
  23          
  24                  DelayMs(10);
  25          }                                                         */
  26          unsigned char code duanma[]={0x3f,0x06,0x5b,0x4f,0x66,0x6d,0x7d,0x07,0x7f,0x6f,0x79,0x71,0x40};
  27          
  28          void display(unsigned char LED_H, unsigned char LED_L)
  29          {
  30   1              P1 = P1 & 0X80;
  31   1              P5 = 0X00;
  32   1              P5 = 0X20;
  33   1              P1 = P1 | duanma[LED_H];
  34   1              DelayMs();
  35   1      
  36   1              P1 = P1 & 0X80;
  37   1              P5 = 0X00;
  38   1              P5 = 0X10;
  39   1              P1 = P1 | duanma[LED_L];
  40   1              DelayMs();
  41   1      }


MODULE INFORMATION:   STATIC OVERLAYABLE
   CODE SIZE        =     46    ----
   CONSTANT SIZE    =     13    ----
   XDATA SIZE       =   ----       1
   PDATA SIZE       =   ----    ----
   DATA SIZE        =   ----    ----
   IDATA SIZE       =   ----    ----
   BIT SIZE         =   ----    ----
END OF MODULE INFORMATION.


C51 COMPILATION COMPLETE.  0 WARNING(S),  0 ERROR(S)
