C51 COMPILER V9.01   MEMU                                                                  12/16/2015 22:57:31 PAGE 1   


C51 COMPILER V9.01, COMPILATION OF MODULE MEMU
OBJECT MODULE PLACED IN memu.OBJ
COMPILER INVOKED BY: d:\Keil\C51\BIN\C51.EXE memu.c LARGE OPTIMIZE(9,SPEED) BROWSE DEBUG OBJECTEXTEND

line level    source

   1          #include "stc15.h"
   2          #include "ev1527.h"
   3          #include "timer.h"
   4          #include "pca.h"
   5          #include "intrins.h"
   6          #include "timer_2.h"
   7          #include "out.h"
   8          #include "memu.h"
   9          #include "FUNCTION.h"
  10          #include "debug.h"
  11          
  12          char num = 0;
  13          unsigned char send_continue =0 ; 
  14          unsigned char decode_success =0 ;               //解码完成且有效 红灯闪烁标志
  15          
  16          unsigned char i;
  17          void memu()
  18          {       
  19   1                       
  20   1                      switch (flag_Pattern)
  21   1                      {
  22   2                      case 0:         //待机 接收 
  23   2                              receive_rf_decoder();   //解码函数
  24   2                              if (return_again_receive_rf_decoder_finished() == 1) //标志位等于1 说明在2次检验下通过,接收到有效码
  25   2                              {       
  26   3                                      clear_again_receive_rf_decoder_finished();//清除标志位
  27   3                                      if (num < 40)
  28   3                                      {
  29   4                                              decode_success = 1;
  30   4                                              shanshuo = 0;
  31   4      
  32   4                                              old2_RF_RECE_REG_SAVE[0][num] = old2_RF_RECE_REG[0];
  33   4                                              old2_RF_RECE_REG_SAVE[1][num] = old2_RF_RECE_REG[1];
  34   4                                              old2_RF_RECE_REG_SAVE[2][num] = old2_RF_RECE_REG[2];
  35   4                                              num++;
  36   4                                      }
  37   3                                      flag_Pattern = 3;
  38   3                              }
  39   2                              break;
  40   2                      case 1:
  41   2                              LED_G = 1;
  42   2                              out();   //发送old2_RF_RECE_REG_SAVE[0][0]，
  43   2                                                       //        old2_RF_RECE_REG_SAVE[1][0]，
  44   2                                                       //        old2_RF_RECE_REG_SAVE[2][0]，
  45   2                                                       //        的数据 持续0.8s
  46   2      
  47   2                              if (send_times==times)
  48   2                              {
  49   3                                      LED_R = 1;
  50   3                                      send_times = 0; 
  51   3                                      if(num==1)
  52   3                                      {
  53   4                                              for (i = 0; i < num; i++)
  54   4                                              {
  55   5                                                      old2_RF_RECE_REG_SAVE[0][i] = old2_RF_RECE_REG_SAVE[0][i + 1];
C51 COMPILER V9.01   MEMU                                                                  12/16/2015 22:57:31 PAGE 2   

  56   5                                                      old2_RF_RECE_REG_SAVE[1][i] = old2_RF_RECE_REG_SAVE[1][i + 1];
  57   5                                                      old2_RF_RECE_REG_SAVE[2][i] = old2_RF_RECE_REG_SAVE[2][i + 1];
  58   5                                              }
  59   4                                              num--;
  60   4                                              LED_R = 1;
  61   4                                              flag_Pattern = 0;
  62   4                                              
  63   4                                      }
  64   3                                      else
  65   3                                      {
  66   4                                              for (i = 0; i < num; i++)
  67   4                                                      {
  68   5                                                              old2_RF_RECE_REG_SAVE[0][i] = old2_RF_RECE_REG_SAVE[0][i + 1];
  69   5                                                              old2_RF_RECE_REG_SAVE[1][i] = old2_RF_RECE_REG_SAVE[1][i + 1];
  70   5                                                              old2_RF_RECE_REG_SAVE[2][i] = old2_RF_RECE_REG_SAVE[2][i + 1];
  71   5                                                      }
  72   4                                              num--;
  73   4                                              flag_Pattern = 3;
  74   4                                              send_continue = 1;
  75   4                                              
  76   4                                              //LED_R = 0;
  77   4                                      }
  78   3                                      
  79   3                                      //flag_Pattern = 1;
  80   3                              }
  81   2                              else
  82   2                              {
  83   3                                      flag_Pattern = 2;       //延时 1.2s  2.2s  3.2s。。。。。
  84   3                              }
  85   2      
  86   2                                                      
  87   2                              break;
  88   2                      case 2:                  //延时 1.2s  2.2s  3.2s。。。。。
  89   2                              
  90   2                              receive_rf_decoder();   //解码函数
  91   2                              if (return_again_receive_rf_decoder_finished() == 1) //标志位等于1 说明在2次检验下通过,接收到有效码
  92   2                              {
  93   3                                      clear_again_receive_rf_decoder_finished();//清除标志位
  94   3      
  95   3                                      if (num < 40)
  96   3                                      {
  97   4                                              decode_success = 1;
  98   4                                              shanshuo = 0;
  99   4      
 100   4                                              old2_RF_RECE_REG_SAVE[0][num] = old2_RF_RECE_REG[0];
 101   4                                              old2_RF_RECE_REG_SAVE[1][num] = old2_RF_RECE_REG[1];
 102   4                                              old2_RF_RECE_REG_SAVE[2][num] = old2_RF_RECE_REG[2];
 103   4                                              num++;
 104   4                                      }
 105   3                              }
 106   2      
 107   2                              if (received_end == 1)  //延时结束标准
 108   2                              {
 109   3                                      received_end = 0;
 110   3                                      flag_Pattern = 1;
 111   3                              }
 112   2                              break;
 113   2                      case 3:
 114   2                              receive_rf_decoder();   //解码函数
 115   2                              if (return_again_receive_rf_decoder_finished() == 1) //标志位等于1 说明在2次检验下通过,接收到有效码
 116   2                              {
 117   3                                      clear_again_receive_rf_decoder_finished();//清除标志位
C51 COMPILER V9.01   MEMU                                                                  12/16/2015 22:57:31 PAGE 3   

 118   3                                      if (num < 40)
 119   3                                      {
 120   4                                              decode_success = 1;
 121   4                                              shanshuo = 0;
 122   4      
 123   4                                              old2_RF_RECE_REG_SAVE[0][num] = old2_RF_RECE_REG[0];
 124   4                                              old2_RF_RECE_REG_SAVE[1][num] = old2_RF_RECE_REG[1];
 125   4                                              old2_RF_RECE_REG_SAVE[2][num] = old2_RF_RECE_REG[2];
 126   4                                              num++;
 127   4                                      }
 128   3                              }
 129   2      
 130   2                              if (waite_end == 1)     //延时结束标志
 131   2                              {
 132   3                                      waite_end = 0;
 133   3                                      flag_Pattern = 1;
 134   3                              }
 135   2                      default:
 136   2                              break;
 137   2                      }
 138   1              
 139   1              
 140   1              }


MODULE INFORMATION:   STATIC OVERLAYABLE
   CODE SIZE        =    421    ----
   CONSTANT SIZE    =   ----    ----
   XDATA SIZE       =      4    ----
   PDATA SIZE       =   ----    ----
   DATA SIZE        =   ----    ----
   IDATA SIZE       =   ----    ----
   BIT SIZE         =   ----    ----
END OF MODULE INFORMATION.


C51 COMPILATION COMPLETE.  0 WARNING(S),  0 ERROR(S)
