C51 COMPILER V9.01   OUT                                                                   12/16/2015 22:57:32 PAGE 1   


C51 COMPILER V9.01, COMPILATION OF MODULE OUT
OBJECT MODULE PLACED IN out.OBJ
COMPILER INVOKED BY: d:\Keil\C51\BIN\C51.EXE out.c LARGE OPTIMIZE(9,SPEED) BROWSE DEBUG OBJECTEXTEND

line level    source

   1          #include "timer.h"
   2          #include "ev1527.h"
   3          #include "stc15.h"
   4          #include "pca.h"
   5          #include "out.h"
   6          
   7          unsigned char old2_RF_RECE_REG_SAVE[3][50] = { 0 };//用于存储
   8          
   9          void out()
  10          {
  11   1              send_start = 1;
  12   1      //      CR = 1;                                                   //PCA定时器开始工作
  13   1              EX0 = 0;
  14   1              TR0 = 1;                
  15   1              ET0 = 1;
  16   1      
  17   1                      CCAP0L = value;
  18   1                      CCAP0H = value >> 8;            //更新比较值 520us
  19   1                      value += T100Hz;
  20   1              do
  21   1              {       
  22   2              //SendIRdata(old2_RF_RECE_REG[0], old2_RF_RECE_REG[1], old2_RF_RECE_REG[2]);
  23   2                      P35 = 0;
  24   2                      SendIRdata(old2_RF_RECE_REG_SAVE[0][0], old2_RF_RECE_REG_SAVE[1][0], old2_RF_RECE_REG_SAVE[2][0]);
  25   2              } while (send_start);
  26   1              
  27   1              //LED_R = 0;
  28   1      
  29   1              EX0 = 1;
  30   1              TR0 = 0;
  31   1              ET0 = 1;
  32   1      
  33   1              send_time = (20 * send_times) + 25;
  34   1              send_times++;
  35   1      }               


MODULE INFORMATION:   STATIC OVERLAYABLE
   CODE SIZE        =     88    ----
   CONSTANT SIZE    =   ----    ----
   XDATA SIZE       =    150    ----
   PDATA SIZE       =   ----    ----
   DATA SIZE        =   ----    ----
   IDATA SIZE       =   ----    ----
   BIT SIZE         =   ----    ----
END OF MODULE INFORMATION.


C51 COMPILATION COMPLETE.  0 WARNING(S),  0 ERROR(S)
